  test.c
d:\git资源\c-code\slist oj\slist oj\test.c(9): error C2065: “NULL”: 未声明的标识符
d:\git资源\c-code\slist oj\slist oj\test.c(9): warning C4047: “初始化”:“ListNode *”与“int”的间接级别不同
d:\git资源\c-code\slist oj\slist oj\test.c(10): error C2065: “NULL”: 未声明的标识符
d:\git资源\c-code\slist oj\slist oj\test.c(10): warning C4047: “初始化”:“ListNode *”与“int”的间接级别不同
d:\git资源\c-code\slist oj\slist oj\test.c(15): error C2037: “next”的左侧部分指定未定义的结构/联合“ListNode”
d:\git资源\c-code\slist oj\slist oj\test.c(17): error C2037: “val”的左侧部分指定未定义的结构/联合“ListNode”
d:\git资源\c-code\slist oj\slist oj\test.c(19): warning C4013: “free”未定义；假设外部返回 int
d:\git资源\c-code\slist oj\slist oj\test.c(24): error C2065: “NULL”: 未声明的标识符
d:\git资源\c-code\slist oj\slist oj\test.c(24): warning C4047: “==”:“ListNode *”与“int”的间接级别不同
d:\git资源\c-code\slist oj\slist oj\test.c(31): error C2037: “next”的左侧部分指定未定义的结构/联合“ListNode”
d:\git资源\c-code\slist oj\slist oj\test.c(34): error C2037: “next”的左侧部分指定未定义的结构/联合“ListNode”
d:\git资源\c-code\slist oj\slist oj\test.c(34): error C2065: “NULL”: 未声明的标识符
d:\git资源\c-code\slist oj\slist oj\test.c(49): error C2065: “NULL”: 未声明的标识符
d:\git资源\c-code\slist oj\slist oj\test.c(49): warning C4047: “初始化”:“ListNode *”与“int”的间接级别不同
d:\git资源\c-code\slist oj\slist oj\test.c(53): error C2037: “next”的左侧部分指定未定义的结构/联合“ListNode”
d:\git资源\c-code\slist oj\slist oj\test.c(54): error C2037: “next”的左侧部分指定未定义的结构/联合“ListNode”
d:\git资源\c-code\slist oj\slist oj\test.c(93): error C2037: “next”的左侧部分指定未定义的结构/联合“ListNode”
d:\git资源\c-code\slist oj\slist oj\test.c(95): error C2037: “next”的左侧部分指定未定义的结构/联合“ListNode”
d:\git资源\c-code\slist oj\slist oj\test.c(96): error C2037: “next”的左侧部分指定未定义的结构/联合“ListNode”
d:\git资源\c-code\slist oj\slist oj\test.c(106): error C2061: 语法错误: 标识符“Solution”
d:\git资源\c-code\slist oj\slist oj\test.c(106): error C2059: 语法错误:“;”
d:\git资源\c-code\slist oj\slist oj\test.c(106): error C2449: 在文件范围内找到“{”(是否缺少函数头?)
d:\git资源\c-code\slist oj\slist oj\test.c(131): error C2059: 语法错误:“}”
d:\git资源\c-code\slist oj\slist oj\test.c(140): error C2065: “NULL”: 未声明的标识符
d:\git资源\c-code\slist oj\slist oj\test.c(140): warning C4047: “==”:“ListNode *”与“int”的间接级别不同
d:\git资源\c-code\slist oj\slist oj\test.c(142): error C2065: “NULL”: 未声明的标识符
d:\git资源\c-code\slist oj\slist oj\test.c(142): warning C4047: “==”:“ListNode *”与“int”的间接级别不同
d:\git资源\c-code\slist oj\slist oj\test.c(145): error C2275: “ListNode”: 将此类型用作表达式非法
          d:\git资源\c-code\slist oj\slist oj\test.c(5) : 参见“ListNode”的声明
d:\git资源\c-code\slist oj\slist oj\test.c(145): error C2065: “head”: 未声明的标识符
d:\git资源\c-code\slist oj\slist oj\test.c(145): error C2065: “NULL”: 未声明的标识符
d:\git资源\c-code\slist oj\slist oj\test.c(145): error C2065: “tail”: 未声明的标识符
d:\git资源\c-code\slist oj\slist oj\test.c(145): error C2100: 非法的间接寻址
d:\git资源\c-code\slist oj\slist oj\test.c(146): error C2065: “head”: 未声明的标识符
d:\git资源\c-code\slist oj\slist oj\test.c(146): error C2065: “tail”: 未声明的标识符
d:\git资源\c-code\slist oj\slist oj\test.c(146): warning C4013: “malloc”未定义；假设外部返回 int
d:\git资源\c-code\slist oj\slist oj\test.c(146): error C2027: 使用了未定义类型“ListNode”
          d:\git资源\c-code\slist oj\slist oj\test.c(5) : 参见“ListNode”的声明
d:\git资源\c-code\slist oj\slist oj\test.c(146): warning C4047: “=”:“int”与“ListNode *”的间接级别不同
d:\git资源\c-code\slist oj\slist oj\test.c(149): error C2037: “val”的左侧部分指定未定义的结构/联合“ListNode”
d:\git资源\c-code\slist oj\slist oj\test.c(151): error C2065: “tail”: 未声明的标识符
d:\git资源\c-code\slist oj\slist oj\test.c(151): error C2223: “->next”的左侧必须指向结构/联合
d:\git资源\c-code\slist oj\slist oj\test.c(152): error C2065: “tail”: 未声明的标识符
d:\git资源\c-code\slist oj\slist oj\test.c(152): error C2223: “->next”的左侧必须指向结构/联合
d:\git资源\c-code\slist oj\slist oj\test.c(154): error C2037: “next”的左侧部分指定未定义的结构/联合“ListNode”
d:\git资源\c-code\slist oj\slist oj\test.c(159): error C2065: “tail”: 未声明的标识符
d:\git资源\c-code\slist oj\slist oj\test.c(159): error C2223: “->next”的左侧必须指向结构/联合
d:\git资源\c-code\slist oj\slist oj\test.c(160): error C2065: “tail”: 未声明的标识符
d:\git资源\c-code\slist oj\slist oj\test.c(160): error C2223: “->next”的左侧必须指向结构/联合
d:\git资源\c-code\slist oj\slist oj\test.c(162): error C2037: “next”的左侧部分指定未定义的结构/联合“ListNode”
d:\git资源\c-code\slist oj\slist oj\test.c(166): error C2065: “tail”: 未声明的标识符
d:\git资源\c-code\slist oj\slist oj\test.c(166): error C2223: “->next”的左侧必须指向结构/联合
d:\git资源\c-code\slist oj\slist oj\test.c(168): error C2065: “tail”: 未声明的标识符
d:\git资源\c-code\slist oj\slist oj\test.c(168): error C2223: “->next”的左侧必须指向结构/联合
d:\git资源\c-code\slist oj\slist oj\test.c(170): error C2065: “head”: 未声明的标识符
d:\git资源\c-code\slist oj\slist oj\test.c(170): error C2223: “->next”的左侧必须指向结构/联合
d:\git资源\c-code\slist oj\slist oj\test.c(171): error C2065: “head”: 未声明的标识符
d:\git资源\c-code\slist oj\slist oj\test.c(180): error C2061: 语法错误: 标识符“Partition”
d:\git资源\c-code\slist oj\slist oj\test.c(180): error C2059: 语法错误:“;”
d:\git资源\c-code\slist oj\slist oj\test.c(180): error C2449: 在文件范围内找到“{”(是否缺少函数头?)
d:\git资源\c-code\slist oj\slist oj\test.c(216): error C2059: 语法错误:“}”
d:\git资源\c-code\slist oj\slist oj\test.c(261): error C2065: “NULL”: 未声明的标识符
d:\git资源\c-code\slist oj\slist oj\test.c(261): warning C4047: “==”:“ListNode *”与“int”的间接级别不同
d:\git资源\c-code\slist oj\slist oj\test.c(262): error C2065: “NULL”: 未声明的标识符
d:\git资源\c-code\slist oj\slist oj\test.c(262): warning C4047: “return”:“ListNode *”与“int”的间接级别不同
d:\git资源\c-code\slist oj\slist oj\test.c(264): error C2275: “ListNode”: 将此类型用作表达式非法
          d:\git资源\c-code\slist oj\slist oj\test.c(5) : 参见“ListNode”的声明
d:\git资源\c-code\slist oj\slist oj\test.c(264): error C2065: “pA”: 未声明的标识符
d:\git资源\c-code\slist oj\slist oj\test.c(266): error C2065: “pA”: 未声明的标识符
d:\git资源\c-code\slist oj\slist oj\test.c(266): warning C4047: “!=”:“int”与“ListNode *”的间接级别不同
d:\git资源\c-code\slist oj\slist oj\test.c(269): error C2065: “pA”: 未声明的标识符
d:\git资源\c-code\slist oj\slist oj\test.c(269): error C2065: “NULL”: 未声明的标识符
d:\git资源\c-code\slist oj\slist oj\test.c(269): error C2223: “->next”的左侧必须指向结构/联合
d:\git资源\c-code\slist oj\slist oj\test.c(269): fatal error C1903: 无法从以前的错误中恢复；正在停止编译
